<?xml version="1.0" encoding="utf-8"?><testsuites name="pytest tests"><testsuite name="pytest" errors="0" failures="0" skipped="0" tests="21" time="7.247" timestamp="2026-08-27T10:22:08.402880+00:00" hostname="agent-env-aee356ee-3c4e-45fb-afca-60e5bac86df4"><testcase classname="tests.backend_test.TestAuth" name="test_register_short_password" time="0.513" /><testcase classname="tests.backend_test.TestAdmin" name="test_stats" time="0.604" /><testcase classname="tests.backend_test.TestAuth" name="test_register_success_and_duplicate" time="0.651" /><testcase classname="tests.backend_test.TestAdmin" name="test_product_crud" time="0.917" /><testcase classname="tests.backend_test.TestAuth" name="test_login_wrong_password" time="0.323" /><testcase classname="tests.backend_test.TestAdmin" name="test_admin_users_list" time="0.356" /><testcase classname="tests.backend_test.TestAuth" name="test_login_admin_and_me" time="0.494" /><testcase classname="tests.backend_test.TestAdmin" name="test_settings_update" time="0.602" /><testcase classname="tests.test_new_features.TestUpload" name="test_upload_non_admin_forbidden" time="0.483" /><testcase classname="tests.test_new_features.TestUpload" name="test_upload_and_serve" time="1.088" /><testcase classname="tests.backend_test.TestAdmin" name="test_non_admin_forbidden" time="1.315" /><testcase classname="tests.test_new_features.TestUpload" name="test_upload_bad_ext" time="0.150" /><testcase classname="tests.test_new_features.TestRevenue" name="test_revenue_shape" time="0.107" /><testcase classname="tests.test_new_features.TestRevenue" name="test_revenue_non_admin" time="0.334" /><testcase classname="tests.backend_test.TestPublic" name="test_products_seeded" time="0.113" /><testcase classname="tests.backend_test.TestPublic" name="test_settings" time="0.272" /><testcase classname="tests.test_new_features.TestNotificationsAndApproveWaitingPayment" name="test_approve_from_waiting_payment_creates_notification" time="1.780" /><testcase classname="tests.backend_test.TestOrderFlow" name="test_full_flow" time="1.608" /><testcase classname="tests.test_new_features.TestNotificationsAndApproveWaitingPayment" name="test_reject_creates_error_notification" time="0.776" /><testcase classname="tests.backend_test.TestOrderFlow" name="test_reject_flow" time="0.645" /><testcase classname="tests.test_new_features.TestNotificationsAndApproveWaitingPayment" name="test_read_all_marks_read" time="0.208" /></testsuite></testsuites>